{"B:\\practice-nodejs-php-typescript-angular\\applications\\Project-NodeJs\\node-js-crud-one-to-one-concept-objects\\services\\crud-service.js": {"path":"B:\\practice-nodejs-php-typescript-angular\\applications\\Project-NodeJs\\node-js-crud-one-to-one-concept-objects\\services\\crud-service.js","statementMap":{"0":{"start":{"line":1,"column":17},"end":{"line":1,"column":48}},"1":{"start":{"line":2,"column":14},"end":{"line":2,"column":42}},"2":{"start":{"line":4,"column":0},"end":{"line":4,"column":26}},"3":{"start":{"line":5,"column":0},"end":{"line":5,"column":47}},"4":{"start":{"line":6,"column":0},"end":{"line":6,"column":50}},"5":{"start":{"line":7,"column":0},"end":{"line":7,"column":27}},"6":{"start":{"line":11,"column":12},"end":{"line":18,"column":5}},"7":{"start":{"line":12,"column":8},"end":{"line":17,"column":10}},"8":{"start":{"line":20,"column":11},"end":{"line":27,"column":5}},"9":{"start":{"line":21,"column":8},"end":{"line":26,"column":10}},"10":{"start":{"line":29,"column":13},"end":{"line":31,"column":5}},"11":{"start":{"line":30,"column":8},"end":{"line":30,"column":53}},"12":{"start":{"line":33,"column":13},"end":{"line":44,"column":5}},"13":{"start":{"line":34,"column":8},"end":{"line":43,"column":10}},"14":{"start":{"line":37,"column":12},"end":{"line":41,"column":13}},"15":{"start":{"line":38,"column":16},"end":{"line":40,"column":18}},"16":{"start":{"line":39,"column":20},"end":{"line":39,"column":31}},"17":{"start":{"line":42,"column":12},"end":{"line":42,"column":24}},"18":{"start":{"line":46,"column":13},"end":{"line":61,"column":5}},"19":{"start":{"line":47,"column":8},"end":{"line":60,"column":10}},"20":{"start":{"line":48,"column":12},"end":{"line":59,"column":13}},"21":{"start":{"line":49,"column":16},"end":{"line":53,"column":18}},"22":{"start":{"line":50,"column":20},"end":{"line":52,"column":22}},"23":{"start":{"line":51,"column":24},"end":{"line":51,"column":35}},"24":{"start":{"line":55,"column":16},"end":{"line":58,"column":18}},"25":{"start":{"line":56,"column":20},"end":{"line":57,"column":37}},"26":{"start":{"line":56,"column":35},"end":{"line":56,"column":46}},"27":{"start":{"line":57,"column":25},"end":{"line":57,"column":37}},"28":{"start":{"line":66,"column":13},"end":{"line":70,"column":5}},"29":{"start":{"line":67,"column":8},"end":{"line":69,"column":10}},"30":{"start":{"line":68,"column":12},"end":{"line":68,"column":60}},"31":{"start":{"line":71,"column":12},"end":{"line":73,"column":5}},"32":{"start":{"line":72,"column":8},"end":{"line":72,"column":36}},"33":{"start":{"line":74,"column":11},"end":{"line":76,"column":5}},"34":{"start":{"line":75,"column":8},"end":{"line":75,"column":56}},"35":{"start":{"line":77,"column":13},"end":{"line":87,"column":5}},"36":{"start":{"line":78,"column":8},"end":{"line":86,"column":10}},"37":{"start":{"line":79,"column":12},"end":{"line":85,"column":13}},"38":{"start":{"line":80,"column":16},"end":{"line":82,"column":18}},"39":{"start":{"line":81,"column":20},"end":{"line":81,"column":31}},"40":{"start":{"line":84,"column":16},"end":{"line":84,"column":28}},"41":{"start":{"line":88,"column":13},"end":{"line":98,"column":5}},"42":{"start":{"line":89,"column":8},"end":{"line":97,"column":10}},"43":{"start":{"line":90,"column":12},"end":{"line":96,"column":13}},"44":{"start":{"line":91,"column":16},"end":{"line":93,"column":18}},"45":{"start":{"line":92,"column":20},"end":{"line":92,"column":31}},"46":{"start":{"line":95,"column":16},"end":{"line":95,"column":28}},"47":{"start":{"line":101,"column":0},"end":{"line":101,"column":45}},"48":{"start":{"line":102,"column":0},"end":{"line":102,"column":39}},"49":{"start":{"line":103,"column":0},"end":{"line":103,"column":21}}},"fnMap":{"0":{"name":"(anonymous_0)","decl":{"start":{"line":11,"column":12},"end":{"line":11,"column":13}},"loc":{"start":{"line":11,"column":24},"end":{"line":18,"column":5}},"line":11},"1":{"name":"(anonymous_1)","decl":{"start":{"line":20,"column":11},"end":{"line":20,"column":12}},"loc":{"start":{"line":20,"column":26},"end":{"line":27,"column":5}},"line":20},"2":{"name":"(anonymous_2)","decl":{"start":{"line":29,"column":13},"end":{"line":29,"column":14}},"loc":{"start":{"line":29,"column":40},"end":{"line":31,"column":5}},"line":29},"3":{"name":"(anonymous_3)","decl":{"start":{"line":33,"column":13},"end":{"line":33,"column":14}},"loc":{"start":{"line":33,"column":45},"end":{"line":44,"column":5}},"line":33},"4":{"name":"(anonymous_4)","decl":{"start":{"line":34,"column":68},"end":{"line":34,"column":69}},"loc":{"start":{"line":34,"column":85},"end":{"line":43,"column":9}},"line":34},"5":{"name":"(anonymous_5)","decl":{"start":{"line":38,"column":91},"end":{"line":38,"column":92}},"loc":{"start":{"line":38,"column":96},"end":{"line":40,"column":17}},"line":38},"6":{"name":"(anonymous_6)","decl":{"start":{"line":46,"column":13},"end":{"line":46,"column":14}},"loc":{"start":{"line":46,"column":28},"end":{"line":61,"column":5}},"line":46},"7":{"name":"(anonymous_7)","decl":{"start":{"line":47,"column":63},"end":{"line":47,"column":64}},"loc":{"start":{"line":47,"column":77},"end":{"line":60,"column":9}},"line":47},"8":{"name":"(anonymous_8)","decl":{"start":{"line":49,"column":69},"end":{"line":49,"column":70}},"loc":{"start":{"line":49,"column":81},"end":{"line":53,"column":17}},"line":49},"9":{"name":"(anonymous_9)","decl":{"start":{"line":50,"column":78},"end":{"line":50,"column":79}},"loc":{"start":{"line":50,"column":84},"end":{"line":52,"column":21}},"line":50},"10":{"name":"(anonymous_10)","decl":{"start":{"line":55,"column":74},"end":{"line":55,"column":75}},"loc":{"start":{"line":55,"column":83},"end":{"line":58,"column":17}},"line":55},"11":{"name":"(anonymous_11)","decl":{"start":{"line":66,"column":13},"end":{"line":66,"column":14}},"loc":{"start":{"line":66,"column":43},"end":{"line":70,"column":5}},"line":66},"12":{"name":"(anonymous_12)","decl":{"start":{"line":67,"column":50},"end":{"line":67,"column":51}},"loc":{"start":{"line":67,"column":62},"end":{"line":69,"column":9}},"line":67},"13":{"name":"(anonymous_13)","decl":{"start":{"line":71,"column":12},"end":{"line":71,"column":13}},"loc":{"start":{"line":71,"column":24},"end":{"line":73,"column":5}},"line":71},"14":{"name":"(anonymous_14)","decl":{"start":{"line":74,"column":11},"end":{"line":74,"column":12}},"loc":{"start":{"line":74,"column":26},"end":{"line":76,"column":5}},"line":74},"15":{"name":"(anonymous_15)","decl":{"start":{"line":77,"column":13},"end":{"line":77,"column":14}},"loc":{"start":{"line":77,"column":46},"end":{"line":87,"column":5}},"line":77},"16":{"name":"(anonymous_16)","decl":{"start":{"line":78,"column":63},"end":{"line":78,"column":64}},"loc":{"start":{"line":78,"column":77},"end":{"line":86,"column":9}},"line":78},"17":{"name":"(anonymous_17)","decl":{"start":{"line":80,"column":89},"end":{"line":80,"column":90}},"loc":{"start":{"line":80,"column":95},"end":{"line":82,"column":17}},"line":80},"18":{"name":"(anonymous_18)","decl":{"start":{"line":88,"column":13},"end":{"line":88,"column":14}},"loc":{"start":{"line":88,"column":28},"end":{"line":98,"column":5}},"line":88},"19":{"name":"(anonymous_19)","decl":{"start":{"line":89,"column":63},"end":{"line":89,"column":64}},"loc":{"start":{"line":89,"column":77},"end":{"line":97,"column":9}},"line":89},"20":{"name":"(anonymous_20)","decl":{"start":{"line":91,"column":71},"end":{"line":91,"column":72}},"loc":{"start":{"line":91,"column":77},"end":{"line":93,"column":17}},"line":91}},"branchMap":{"0":{"loc":{"start":{"line":37,"column":12},"end":{"line":41,"column":13}},"type":"if","locations":[{"start":{"line":37,"column":12},"end":{"line":41,"column":13}},{"start":{},"end":{}}],"line":37},"1":{"loc":{"start":{"line":48,"column":12},"end":{"line":59,"column":13}},"type":"if","locations":[{"start":{"line":48,"column":12},"end":{"line":59,"column":13}},{"start":{"line":54,"column":19},"end":{"line":59,"column":13}}],"line":48},"2":{"loc":{"start":{"line":56,"column":20},"end":{"line":57,"column":37}},"type":"if","locations":[{"start":{"line":56,"column":20},"end":{"line":57,"column":37}},{"start":{"line":57,"column":25},"end":{"line":57,"column":37}}],"line":56},"3":{"loc":{"start":{"line":79,"column":12},"end":{"line":85,"column":13}},"type":"if","locations":[{"start":{"line":79,"column":12},"end":{"line":85,"column":13}},{"start":{"line":83,"column":19},"end":{"line":85,"column":13}}],"line":79},"4":{"loc":{"start":{"line":90,"column":12},"end":{"line":96,"column":13}},"type":"if","locations":[{"start":{"line":90,"column":12},"end":{"line":96,"column":13}},{"start":{"line":94,"column":19},"end":{"line":96,"column":13}}],"line":90}},"s":{"0":1,"1":1,"2":1,"3":1,"4":1,"5":1,"6":1,"7":1,"8":1,"9":1,"10":1,"11":1,"12":1,"13":1,"14":1,"15":1,"16":1,"17":0,"18":1,"19":1,"20":1,"21":1,"22":1,"23":1,"24":0,"25":0,"26":0,"27":0,"28":1,"29":1,"30":1,"31":1,"32":1,"33":1,"34":1,"35":1,"36":1,"37":1,"38":1,"39":1,"40":0,"41":1,"42":1,"43":1,"44":1,"45":1,"46":0,"47":1,"48":1,"49":1},"f":{"0":1,"1":1,"2":1,"3":1,"4":1,"5":1,"6":1,"7":1,"8":1,"9":1,"10":0,"11":1,"12":1,"13":1,"14":1,"15":1,"16":1,"17":1,"18":1,"19":1,"20":1},"b":{"0":[1,0],"1":[1,0],"2":[0,0],"3":[1,0],"4":[1,0]},"inputSourceMap":null,"_coverageSchema":"1a1c01bbd47fc00a2c39e90264f33305004495a9","hash":"d1964f43cdc6c8076ec98dcbafe41c42bc5f461b"}
}
